{"meta": 
{"version": "7.3.2", "timestamp": "2023-10-26T10:52:13.088347", "branch_coverage": false, "show_contexts": false}, "files": {"project\\main.py": {"executed_lines": [], "summary": {"covered_lines": 0, "num_statements": 97, "percent_covered": 0.0, "percent_covered_display": "0", "missing_lines": 97, "excluded_lines": 0}, "missing_lines": [1, 3, 4, 5, 7, 8, 10, 17, 25, 26, 27, 28, 29, 30, 31, 32, 33, 35, 36, 38, 41, 42, 43, 44, 45, 47, 48, 49, 50, 51, 52, 53, 54, 56, 58, 61, 62, 63, 64, 65, 67, 69, 72, 73, 74, 75, 76, 77, 78, 80, 82, 84, 87, 88, 89, 91, 92, 93, 94, 96, 98, 100, 103, 104, 105, 106, 107, 108, 109, 111, 113, 115, 118, 119, 120, 121, 122, 124, 125, 128, 130, 133, 134, 135, 136, 137, 138, 141, 142, 143, 144, 145, 146, 147, 148, 150, 153], "excluded_lines": []}}, "totals": {"covered_lines": 0, "num_statements": 97, "percent_covered": 0.0, "percent_covered_display": "0", "missing_lines": 97, "excluded_lines": 0}}